0 info it worked if it ends with ok
1 verbose cli [ '/usr/local/Cellar/node/6.1.0/bin/node',
1 verbose cli   '/usr/local/bin/npm',
1 verbose cli   'install',
1 verbose cli   'adsr' ]
2 info using npm@3.8.6
3 info using node@v6.1.0
4 silly loadCurrentTree Starting
5 silly install loadCurrentTree
6 silly install readLocalPackageData
7 silly fetchPackageMetaData adsr@undefined1.0.1
8 silly fetchNamedPackageData adsr
9 silly mapToRegistry name adsr
10 silly mapToRegistry using default registry
11 silly mapToRegistry registry https://registry.npmjs.org/
12 silly mapToRegistry data Result {
12 silly mapToRegistry   raw: 'adsr',
12 silly mapToRegistry   scope: null,
12 silly mapToRegistry   name: 'adsr',
12 silly mapToRegistry   rawSpec: '',
12 silly mapToRegistry   spec: 'latest',
12 silly mapToRegistry   type: 'tag' }
13 silly mapToRegistry uri https://registry.npmjs.org/adsr
14 verbose request uri https://registry.npmjs.org/adsr
15 verbose request no auth needed
16 info attempt registry request try #1 at 3:18:18 PM
17 verbose request id 0afae4c0f720cd90
18 http request GET https://registry.npmjs.org/adsr
19 http 200 https://registry.npmjs.org/adsr
20 verbose headers { server: 'CouchDB/1.5.0 (Erlang OTP/R16B03)',
20 verbose headers   etag: '"2JL4VDX7I4CO4OUSK4LLI68WY"',
20 verbose headers   'content-type': 'application/json',
20 verbose headers   'content-encoding': 'gzip',
20 verbose headers   'cache-control': 'max-age=300',
20 verbose headers   'content-length': '2387',
20 verbose headers   'accept-ranges': 'bytes',
20 verbose headers   date: 'Thu, 09 Jun 2016 20:18:19 GMT',
20 verbose headers   via: '1.1 varnish',
20 verbose headers   age: '0',
20 verbose headers   connection: 'keep-alive',
20 verbose headers   'x-served-by': 'cache-ord1742-ORD',
20 verbose headers   'x-cache': 'HIT',
20 verbose headers   'x-cache-hits': '1',
20 verbose headers   'x-timer': 'S1465503499.019721,VS0,VE88',
20 verbose headers   vary: 'Accept-Encoding' }
21 silly get cb [ 200,
21 silly get   { server: 'CouchDB/1.5.0 (Erlang OTP/R16B03)',
21 silly get     etag: '"2JL4VDX7I4CO4OUSK4LLI68WY"',
21 silly get     'content-type': 'application/json',
21 silly get     'content-encoding': 'gzip',
21 silly get     'cache-control': 'max-age=300',
21 silly get     'content-length': '2387',
21 silly get     'accept-ranges': 'bytes',
21 silly get     date: 'Thu, 09 Jun 2016 20:18:19 GMT',
21 silly get     via: '1.1 varnish',
21 silly get     age: '0',
21 silly get     connection: 'keep-alive',
21 silly get     'x-served-by': 'cache-ord1742-ORD',
21 silly get     'x-cache': 'HIT',
21 silly get     'x-cache-hits': '1',
21 silly get     'x-timer': 'S1465503499.019721,VS0,VE88',
21 silly get     vary: 'Accept-Encoding' } ]
22 verbose get saving adsr to /Users/apprentice/.npm/registry.npmjs.org/adsr/.cache.json
23 verbose correctMkdir /Users/apprentice/.npm correctMkdir not in flight; initializing
24 verbose makeDirectory /Users/apprentice/.npm creation not in flight; initializing
25 silly makeDirectory /Users/apprentice/.npm uid: 501 gid: 20
26 silly fetchPackageMetaData Error: No compatible version found: adsr@undefined1.0.1
26 silly fetchPackageMetaData Valid install targets:
26 silly fetchPackageMetaData 1.0.1, 1.0.0, 0.1.1, 0.1.0, 0.0.3, 0.0.2, 0.0.1
26 silly fetchPackageMetaData
26 silly fetchPackageMetaData     at pickVersionFromRegistryDocument (/usr/local/lib/node_modules/npm/lib/fetch-package-metadata.js:156:16)
26 silly fetchPackageMetaData     at /usr/local/lib/node_modules/npm/node_modules/iferr/index.js:13:50
26 silly fetchPackageMetaData     at /usr/local/lib/node_modules/npm/lib/utils/pulse-till-done.js:19:8
26 silly fetchPackageMetaData     at saved (/usr/local/lib/node_modules/npm/lib/cache/caching-client.js:168:7)
26 silly fetchPackageMetaData     at /usr/local/lib/node_modules/npm/node_modules/graceful-fs/polyfills.js:210:7
26 silly fetchPackageMetaData     at FSReqWrap.oncomplete (fs.js:117:15)
26 silly fetchPackageMetaData  error for adsr@undefined1.0.1 Error: No compatible version found: adsr@undefined1.0.1
26 silly fetchPackageMetaData Valid install targets:
26 silly fetchPackageMetaData 1.0.1, 1.0.0, 0.1.1, 0.1.0, 0.0.3, 0.0.2, 0.0.1
26 silly fetchPackageMetaData
26 silly fetchPackageMetaData     at pickVersionFromRegistryDocument (/usr/local/lib/node_modules/npm/lib/fetch-package-metadata.js:156:16)
26 silly fetchPackageMetaData     at /usr/local/lib/node_modules/npm/node_modules/iferr/index.js:13:50
26 silly fetchPackageMetaData     at /usr/local/lib/node_modules/npm/lib/utils/pulse-till-done.js:19:8
26 silly fetchPackageMetaData     at saved (/usr/local/lib/node_modules/npm/lib/cache/caching-client.js:168:7)
26 silly fetchPackageMetaData     at /usr/local/lib/node_modules/npm/node_modules/graceful-fs/polyfills.js:210:7
26 silly fetchPackageMetaData     at FSReqWrap.oncomplete (fs.js:117:15)
27 silly rollbackFailedOptional Starting
28 silly rollbackFailedOptional Finishing
29 silly runTopLevelLifecycles Starting
30 silly runTopLevelLifecycles Finishing
31 silly install printInstalled
32 verbose stack Error: No compatible version found: adsr@undefined1.0.1
32 verbose stack Valid install targets:
32 verbose stack 1.0.1, 1.0.0, 0.1.1, 0.1.0, 0.0.3, 0.0.2, 0.0.1
32 verbose stack
32 verbose stack     at pickVersionFromRegistryDocument (/usr/local/lib/node_modules/npm/lib/fetch-package-metadata.js:156:16)
32 verbose stack     at /usr/local/lib/node_modules/npm/node_modules/iferr/index.js:13:50
32 verbose stack     at /usr/local/lib/node_modules/npm/lib/utils/pulse-till-done.js:19:8
32 verbose stack     at saved (/usr/local/lib/node_modules/npm/lib/cache/caching-client.js:168:7)
32 verbose stack     at /usr/local/lib/node_modules/npm/node_modules/graceful-fs/polyfills.js:210:7
32 verbose stack     at FSReqWrap.oncomplete (fs.js:117:15)
33 verbose cwd /Users/apprentice/Desktop/patrick/bmsynth
34 error Darwin 15.5.0
35 error argv "/usr/local/Cellar/node/6.1.0/bin/node" "/usr/local/bin/npm" "install" "adsr"
36 error node v6.1.0
37 error npm  v3.8.6
38 error No compatible version found: adsr@undefined1.0.1
38 error Valid install targets:
38 error 1.0.1, 1.0.0, 0.1.1, 0.1.0, 0.0.3, 0.0.2, 0.0.1
39 error If you need help, you may report this error at:
39 error     <https://github.com/npm/npm/issues>
40 verbose exit [ 1, true ]
